05:31:32.637 [main] INFO  resources.base - User has clicked on Resouces link from the header
05:31:42.677 [main] INFO  resources.base - User Have reached the Resources Page
05:31:59.180 [main] INFO  resources.base - User has clicked on Special Offer Link from the header
05:31:59.197 [main] INFO  resources.base - User Have reached the Special Offer Page
05:32:06.101 [main] INFO  resources.base - User has clicked on Cart Icon from the header
05:32:06.114 [main] INFO  resources.base - User Have reached the Shopping Cart Page
05:32:53.374 [main] INFO  resources.base - User has clicked on the Standard Catalog Link from the footer of the page
05:33:03.387 [main] INFO  resources.base - User Have reached the Standard Product page after clicking on the Standard Catalog Link from the footer of the page
05:33:23.566 [main] INFO  resources.base - User has clicked on the All product Link from the footer of the page
05:33:23.579 [main] INFO  resources.base - User Have reached the All Product page after clicking on the Standard Catalog Link from the footer of the page
05:33:39.309 [main] INFO  resources.base - User has clicked on the resources  Link from the footer of the page
05:33:39.322 [main] INFO  resources.base - User Have reached the resources page after clicking on the resources Link from the footer of the page
05:33:49.765 [main] INFO  resources.base - User has clicked on the Special offer Link from the footer of the page
05:33:49.780 [main] INFO  resources.base - User Have reached the Special offer after clicking on the Special offer Link from the footer of the page
05:34:03.268 [main] INFO  resources.base - User has clicked on the Special offer Link from the footer of the page
05:34:03.282 [main] INFO  resources.base - User Have reached the Favorites after clicking on the Favorites Link from the footer of the page
05:34:23.624 [main] INFO  resources.base - User has clicked on the Track button from the header of the page
05:34:23.637 [main] INFO  resources.base - User have reached the Track page after clicking on the Track button from the header of the page
05:34:39.031 [main] INFO  resources.base - User has clicked on the order button from the header of the page
05:34:39.047 [main] INFO  resources.base - User have reached the Order page after clicking on the Order button from the header of the page
05:34:54.420 [main] INFO  resources.base - User has clicked on the Purchase Analysis button from the header of the page
05:34:54.435 [main] ERROR resources.base - User have not reached the Purchase Analysis page after clicking on the Purchase Analysis button from the header of the page
05:34:54.435 [main] ERROR resources.base - expected [Purchase Analysis - MarkITplace] but found [Orders - MarkITplace]
05:35:03.064 [main] INFO  resources.base - User have clicked on email icon on purchase analysis Page
05:36:03.109 [main] INFO  resources.base - User has clicked on the Calendar button from the header of the page
05:36:13.125 [main] INFO  resources.base - User have reached the  Calendar page after clicking on the Calendar button from the header of the page
05:36:22.466 [main] INFO  resources.base - User has clicked on the Saved Report icon from the header of the page
05:36:37.479 [main] INFO  resources.base - User have reached the  Saved Report page after clicking on the Saved Report icon from the header of the page
05:57:32.956 [main] INFO  resources.base - User Have Successfully Login To The Home Page
05:57:49.816 [main] INFO  resources.base - User Have Successfully reached the favorites Page
05:58:44.388 [main] INFO  resources.base - user is searching printer using the search textbox
05:58:44.416 [main] INFO  resources.base - User Have Successfully reached the printer search listing page
05:58:44.620 [main] INFO  resources.base - Search result data is Appearing on the Search Result Page
05:59:06.519 [main] INFO  resources.base - User Have Successfully reached the PDP Page
05:59:46.071 [main] INFO  resources.base - Recently Viewed Page is Opened
05:59:49.451 [main] INFO  resources.base - User has clicked the Logo from the footer of the page
05:59:49.468 [main] INFO  resources.base - User Have reached the Home Page clicking on the footer Logo
05:59:55.971 [main] INFO  resources.base - User has clicked on the My Profile page from My Account dropdown
05:59:55.994 [main] INFO  resources.base - User has clicked on the My Profile page from My Account dropdown
06:00:12.108 [main] INFO  resources.base - User has clicked on the My Profile page from My Account dropdown
06:00:25.366 [main] INFO  resources.base - User has clicked the Logo from the header of the page
06:00:25.380 [main] INFO  resources.base - User Have reached the Home Page clicking on the Header Logo
06:00:25.908 [main] INFO  resources.base - User has clicked on the Standard Catalog Navigation button from header
06:00:30.931 [main] INFO  resources.base - User Have reached the Standard Catalog Page
06:00:54.083 [main] INFO  resources.base - User has clicked on the 1st Standard Product appearing and reached the PDP Page
06:00:57.989 [main] INFO  resources.base - User has clicked on the All Product Nevigation button from the header
06:01:08.004 [main] INFO  resources.base - User Have reached the All Product Page
06:01:19.102 [main] INFO  resources.base - User has clicked on Audio Cables Category From All Products Page
06:01:34.118 [main] INFO  resources.base - User Have reached the Audio Cables Category Page
06:01:34.502 [main] INFO  resources.base - User has clicked on Resouces link from the header
06:01:44.517 [main] INFO  resources.base - User Have reached the Resources Page
06:01:59.535 [main] INFO  resources.base - User has clicked on Special Offer Link from the header
06:01:59.552 [main] INFO  resources.base - User Have reached the Special Offer Page
06:02:07.077 [main] INFO  resources.base - User has clicked on Cart Icon from the header
06:02:07.091 [main] INFO  resources.base - User Have reached the Shopping Cart Page
06:02:57.558 [main] INFO  resources.base - User has clicked on the Standard Catalog Link from the footer of the page
06:03:07.578 [main] INFO  resources.base - User Have reached the Standard Product page after clicking on the Standard Catalog Link from the footer of the page
06:03:22.993 [main] INFO  resources.base - User has clicked on the All product Link from the footer of the page
06:03:23.006 [main] INFO  resources.base - User Have reached the All Product page after clicking on the Standard Catalog Link from the footer of the page
06:03:40.058 [main] INFO  resources.base - User has clicked on the resources  Link from the footer of the page
06:03:40.078 [main] INFO  resources.base - User Have reached the resources page after clicking on the resources Link from the footer of the page
06:03:50.507 [main] INFO  resources.base - User has clicked on the Special offer Link from the footer of the page
06:03:50.524 [main] INFO  resources.base - User Have reached the Special offer after clicking on the Special offer Link from the footer of the page
06:04:04.240 [main] INFO  resources.base - User has clicked on the Special offer Link from the footer of the page
06:04:04.253 [main] INFO  resources.base - User Have reached the Favorites after clicking on the Favorites Link from the footer of the page
06:04:29.068 [main] INFO  resources.base - User has clicked on the Track button from the header of the page
06:04:29.084 [main] INFO  resources.base - User have reached the Track page after clicking on the Track button from the header of the page
06:04:44.472 [main] INFO  resources.base - User has clicked on the order button from the header of the page
06:04:44.490 [main] INFO  resources.base - User have reached the Order page after clicking on the Order button from the header of the page
06:05:10.799 [main] INFO  resources.base - User has clicked on the Purchase Analysis button from the header of the page
06:05:10.814 [main] INFO  resources.base - User have reached the Purchase Analysis page after clicking on the Purchase Analysis button from the header of the page
06:05:11.356 [main] INFO  resources.base - User have clicked on email icon on purchase analysis Page
06:05:12.082 [main] INFO  resources.base - User have entered the email on email field at purchase analysis Page
06:05:12.815 [main] INFO  resources.base - User have click on Send button at email popup screen at purchase analysis Page
06:05:20.737 [main] INFO  resources.base - User has clicked on the Calendar button from the header of the page
06:05:30.751 [main] INFO  resources.base - User have reached the  Calendar page after clicking on the Calendar button from the header of the page
06:05:31.115 [main] INFO  resources.base - User has clicked on the Saved Report icon from the header of the page
06:05:46.131 [main] ERROR resources.base - User have not reached the Saved Report page after clicking on the Saved Report icon from the header of the page
06:05:46.131 [main] ERROR resources.base - expected [Saved Reports - MarkITplace] but found [Calendar Monthly View - MarkITplace]
06:08:20.528 [main] INFO  resources.base - User Have Successfully Login To The Home Page
06:08:33.306 [main] INFO  resources.base - User Have Successfully reached the favorites Page
06:08:53.894 [main] ERROR resources.base - Favorite page not Open
06:08:53.899 [main] ERROR resources.base - Unable to find element with xpath == (//a[@class='btn'])[2]
For documentation on this error, please visit: http://seleniumhq.org/exceptions/no_such_element.html
Build info: version: '3.8.1', revision: '6e95a6684b', time: '2017-12-01T18:33:54.468Z'
System info: host: 'DESKTOP-B75F35K', ip: '10.0.2.15', os.name: 'Windows 10', os.arch: 'amd64', os.version: '10.0', java.version: '1.8.0_171'
Driver info: org.openqa.selenium.ie.InternetExplorerDriver
Capabilities {acceptInsecureCerts: false, browserName: internet explorer, browserVersion: 11, javascriptEnabled: true, pageLoadStrategy: normal, platform: WINDOWS, platformName: WINDOWS, proxy: Proxy(), se:ieOptions: {browserAttachTimeout: 0, elementScrollBehavior: 0, enablePersistentHover: true, ie.browserCommandLineSwitches: , ie.ensureCleanSession: false, ie.fileUploadDialogTimeout: 3000, ie.forceCreateProcessApi: false, ignoreProtectedModeSettings: false, ignoreZoomSetting: false, initialBrowserUrl: http://localhost:5407/, nativeEvents: true, requireWindowFocus: false}, setWindowRect: true, timeouts: {implicit: 0, pageLoad: 300000, script: 30000}}
Session ID: 89fe51c9-531b-446b-813c-cd3bf9e73f7e
*** Element info: {Using=xpath, value=(//a[@class='btn'])[2]}
06:09:14.732 [main] INFO  resources.base - user is searching printer using the search textbox
06:09:14.752 [main] INFO  resources.base - User Have Successfully reached the printer search listing page
06:09:14.898 [main] INFO  resources.base - Search result data is Appearing on the Search Result Page
06:09:34.244 [main] INFO  resources.base - User Have Successfully reached the PDP Page
06:10:08.347 [main] INFO  resources.base - Recently Viewed Page is Opened
06:10:11.458 [main] INFO  resources.base - User has clicked the Logo from the footer of the page
06:10:11.484 [main] INFO  resources.base - User Have reached the Home Page clicking on the footer Logo
06:10:21.298 [main] INFO  resources.base - User has clicked on the My Profile page from My Account dropdown
06:10:21.312 [main] INFO  resources.base - User has clicked on the My Profile page from My Account dropdown
06:10:35.428 [main] INFO  resources.base - User has clicked on the My Profile page from My Account dropdown
06:10:45.776 [main] INFO  resources.base - User has clicked the Logo from the header of the page
06:10:45.790 [main] INFO  resources.base - User Have reached the Home Page clicking on the Header Logo
06:10:51.006 [main] INFO  resources.base - User has clicked on the Standard Catalog Navigation button from header
06:10:56.025 [main] INFO  resources.base - User Have reached the Standard Catalog Page
06:11:16.883 [main] INFO  resources.base - User has clicked on the 1st Standard Product appearing and reached the PDP Page
06:11:19.287 [main] INFO  resources.base - User has clicked on the All Product Nevigation button from the header
06:11:29.305 [main] INFO  resources.base - User Have reached the All Product Page
06:11:33.790 [main] INFO  resources.base - User has clicked on Audio Cables Category From All Products Page
06:11:48.809 [main] INFO  resources.base - User Have reached the Audio Cables Category Page
06:11:49.221 [main] INFO  resources.base - User has clicked on Resouces link from the header
06:11:59.237 [main] INFO  resources.base - User Have reached the Resources Page
06:12:13.968 [main] INFO  resources.base - User has clicked on Special Offer Link from the header
06:12:13.984 [main] INFO  resources.base - User Have reached the Special Offer Page
06:12:19.901 [main] INFO  resources.base - User has clicked on Cart Icon from the header
06:12:19.920 [main] INFO  resources.base - User Have reached the Shopping Cart Page
06:13:13.585 [main] INFO  resources.base - User has clicked on the Standard Catalog Link from the footer of the page
06:13:23.600 [main] INFO  resources.base - User Have reached the Standard Product page after clicking on the Standard Catalog Link from the footer of the page
06:13:39.079 [main] INFO  resources.base - User has clicked on the All product Link from the footer of the page
06:13:39.099 [main] INFO  resources.base - User Have reached the All Product page after clicking on the Standard Catalog Link from the footer of the page
06:13:49.680 [main] INFO  resources.base - User has clicked on the resources  Link from the footer of the page
06:13:49.696 [main] INFO  resources.base - User Have reached the resources page after clicking on the resources Link from the footer of the page
06:14:05.287 [main] INFO  resources.base - User has clicked on the Special offer Link from the footer of the page
06:14:05.305 [main] INFO  resources.base - User Have reached the Special offer after clicking on the Special offer Link from the footer of the page
06:14:15.850 [main] INFO  resources.base - User has clicked on the Special offer Link from the footer of the page
06:14:15.863 [main] INFO  resources.base - User Have reached the Favorites after clicking on the Favorites Link from the footer of the page
06:14:36.361 [main] INFO  resources.base - User has clicked on the Track button from the header of the page
06:14:36.376 [main] INFO  resources.base - User have reached the Track page after clicking on the Track button from the header of the page
06:14:51.805 [main] INFO  resources.base - User has clicked on the order button from the header of the page
06:14:51.819 [main] INFO  resources.base - User have reached the Order page after clicking on the Order button from the header of the page
06:15:12.252 [main] INFO  resources.base - User has clicked on the Purchase Analysis button from the header of the page
06:15:12.265 [main] INFO  resources.base - User have reached the Purchase Analysis page after clicking on the Purchase Analysis button from the header of the page
06:15:12.864 [main] INFO  resources.base - User have clicked on email icon on purchase analysis Page
06:15:13.669 [main] INFO  resources.base - User have entered the email on email field at purchase analysis Page
06:15:14.460 [main] INFO  resources.base - User have click on Send button at email popup screen at purchase analysis Page
06:15:21.487 [main] INFO  resources.base - User has clicked on the Calendar button from the header of the page
06:15:31.500 [main] INFO  resources.base - User have reached the  Calendar page after clicking on the Calendar button from the header of the page
06:15:38.890 [main] INFO  resources.base - User has clicked on the Saved Report icon from the header of the page
06:15:58.908 [main] INFO  resources.base - User have reached the  Saved Report page after clicking on the Saved Report icon from the header of the page
06:24:09.715 [main] INFO  resources.base - User Have Successfully Login To The Home Page
06:24:23.871 [main] INFO  resources.base - User Have Successfully reached the favorites Page
06:24:44.281 [main] ERROR resources.base - Favorite page not Open
06:24:44.283 [main] ERROR resources.base - Unable to find element with xpath == (//a[@class='btn'])[2]
For documentation on this error, please visit: http://seleniumhq.org/exceptions/no_such_element.html
Build info: version: '3.8.1', revision: '6e95a6684b', time: '2017-12-01T18:33:54.468Z'
System info: host: 'DESKTOP-B75F35K', ip: '10.0.2.15', os.name: 'Windows 10', os.arch: 'amd64', os.version: '10.0', java.version: '1.8.0_171'
Driver info: org.openqa.selenium.ie.InternetExplorerDriver
Capabilities {acceptInsecureCerts: false, browserName: internet explorer, browserVersion: 11, javascriptEnabled: true, pageLoadStrategy: normal, platform: WINDOWS, platformName: WINDOWS, proxy: Proxy(), se:ieOptions: {browserAttachTimeout: 0, elementScrollBehavior: 0, enablePersistentHover: true, ie.browserCommandLineSwitches: , ie.ensureCleanSession: false, ie.fileUploadDialogTimeout: 3000, ie.forceCreateProcessApi: false, ignoreProtectedModeSettings: false, ignoreZoomSetting: false, initialBrowserUrl: http://localhost:29789/, nativeEvents: true, requireWindowFocus: false}, setWindowRect: true, timeouts: {implicit: 0, pageLoad: 300000, script: 30000}}
Session ID: 8b3d3e86-bfc7-4130-9225-c2aacd7d7976
*** Element info: {Using=xpath, value=(//a[@class='btn'])[2]}
06:25:05.158 [main] INFO  resources.base - user is searching printer using the search textbox
06:25:05.173 [main] INFO  resources.base - User Have Successfully reached the printer search listing page
06:25:05.415 [main] INFO  resources.base - Search result data is Appearing on the Search Result Page
06:25:28.670 [main] INFO  resources.base - User Have Successfully reached the PDP Page
06:25:59.242 [main] INFO  resources.base - Recently Viewed Page is Opened
06:26:02.976 [main] INFO  resources.base - User has clicked the Logo from the footer of the page
06:26:02.990 [main] INFO  resources.base - User Have reached the Home Page clicking on the footer Logo
06:26:12.773 [main] INFO  resources.base - User has clicked on the My Profile page from My Account dropdown
06:26:12.792 [main] INFO  resources.base - User has clicked on the My Profile page from My Account dropdown
06:26:29.616 [main] INFO  resources.base - User has clicked on the My Profile page from My Account dropdown
06:26:43.003 [main] INFO  resources.base - User has clicked the Logo from the header of the page
06:26:43.016 [main] INFO  resources.base - User Have reached the Home Page clicking on the Header Logo
06:26:52.320 [main] INFO  resources.base - User has clicked on the Standard Catalog Navigation button from header
06:26:57.335 [main] INFO  resources.base - User Have reached the Standard Catalog Page
06:27:19.268 [main] INFO  resources.base - User has clicked on the 1st Standard Product appearing and reached the PDP Page
06:27:26.164 [main] INFO  resources.base - User has clicked on the All Product Nevigation button from the header
06:27:36.186 [main] INFO  resources.base - User Have reached the All Product Page
06:27:45.303 [main] INFO  resources.base - User has clicked on Audio Cables Category From All Products Page
06:28:00.319 [main] INFO  resources.base - User Have reached the Audio Cables Category Page
06:28:06.117 [main] INFO  resources.base - User has clicked on Resouces link from the header
06:28:16.135 [main] INFO  resources.base - User Have reached the Resources Page
06:28:33.050 [main] INFO  resources.base - User has clicked on Special Offer Link from the header
06:28:33.064 [main] INFO  resources.base - User Have reached the Special Offer Page
06:28:39.281 [main] INFO  resources.base - User has clicked on Cart Icon from the header
06:28:39.296 [main] INFO  resources.base - User Have reached the Shopping Cart Page
06:29:28.088 [main] INFO  resources.base - User has clicked on the Standard Catalog Link from the footer of the page
06:29:38.101 [main] INFO  resources.base - User Have reached the Standard Product page after clicking on the Standard Catalog Link from the footer of the page
06:29:53.506 [main] INFO  resources.base - User has clicked on the All product Link from the footer of the page
06:29:53.529 [main] INFO  resources.base - User Have reached the All Product page after clicking on the Standard Catalog Link from the footer of the page
06:30:03.973 [main] INFO  resources.base - User has clicked on the resources  Link from the footer of the page
06:30:03.986 [main] INFO  resources.base - User Have reached the resources page after clicking on the resources Link from the footer of the page
06:30:33.068 [main] INFO  resources.base - User has clicked on the Track button from the header of the page
06:30:33.083 [main] INFO  resources.base - User have reached the Track page after clicking on the Track button from the header of the page
06:30:48.491 [main] INFO  resources.base - User has clicked on the order button from the header of the page
06:30:48.505 [main] INFO  resources.base - User have reached the Order page after clicking on the Order button from the header of the page
06:31:08.941 [main] INFO  resources.base - User has clicked on the Purchase Analysis button from the header of the page
06:31:08.955 [main] INFO  resources.base - User have reached the Purchase Analysis page after clicking on the Purchase Analysis button from the header of the page
06:31:09.616 [main] INFO  resources.base - User have clicked on email icon on purchase analysis Page
06:31:10.409 [main] INFO  resources.base - User have entered the email on email field at purchase analysis Page
06:31:11.478 [main] INFO  resources.base - User have click on Send button at email popup screen at purchase analysis Page
06:31:19.170 [main] INFO  resources.base - User has clicked on the Calendar button from the header of the page
06:31:29.187 [main] INFO  resources.base - User have reached the  Calendar page after clicking on the Calendar button from the header of the page
06:31:36.572 [main] INFO  resources.base - User has clicked on the Saved Report icon from the header of the page
06:31:56.586 [main] INFO  resources.base - User have reached the  Saved Report page after clicking on the Saved Report icon from the header of the page
10:13:29.664 [main] INFO  resources.base - User Have Successfully Login To The Home Page
10:13:47.931 [main] INFO  resources.base - User Have Successfully reached the favorites Page
10:14:42.805 [main] INFO  resources.base - user is searching printer using the search textbox
10:14:42.821 [main] INFO  resources.base - User Have Successfully reached the printer search listing page
10:14:43.045 [main] INFO  resources.base - Search result data is Appearing on the Search Result Page
10:15:05.295 [main] INFO  resources.base - User Have Successfully reached the PDP Page
10:15:39.931 [main] INFO  resources.base - Recently Viewed Page is Opened
10:15:53.571 [main] INFO  resources.base - User has clicked the Logo from the footer of the page
10:15:53.586 [main] INFO  resources.base - User Have reached the Home Page clicking on the footer Logo
10:16:05.661 [main] INFO  resources.base - User has clicked on the My Profile page from My Account dropdown
10:16:05.677 [main] INFO  resources.base - User has clicked on the My Profile page from My Account dropdown
10:16:21.079 [main] INFO  resources.base - User has clicked on the My Profile page from My Account dropdown
10:16:34.588 [main] INFO  resources.base - User has clicked the Logo from the header of the page
10:16:34.602 [main] INFO  resources.base - User Have reached the Home Page clicking on the Header Logo
10:16:42.337 [main] INFO  resources.base - User has clicked on the Standard Catalog Navigation button from header
10:16:47.371 [main] INFO  resources.base - User Have reached the Standard Catalog Page
10:17:09.243 [main] INFO  resources.base - User has clicked on the 1st Standard Product appearing and reached the PDP Page
10:17:15.836 [main] INFO  resources.base - User has clicked on the All Product Nevigation button from the header
10:17:25.850 [main] INFO  resources.base - User Have reached the All Product Page
10:17:34.993 [main] INFO  resources.base - User has clicked on Audio Cables Category From All Products Page
10:17:50.013 [main] INFO  resources.base - User Have reached the Audio Cables Category Page
10:18:03.999 [main] INFO  resources.base - User has clicked on Resouces link from the header
10:18:14.012 [main] INFO  resources.base - User Have reached the Resources Page
10:18:32.532 [main] INFO  resources.base - User has clicked on Special Offer Link from the header
10:18:32.546 [main] INFO  resources.base - User Have reached the Special Offer Page
10:18:39.721 [main] INFO  resources.base - User has clicked on Cart Icon from the header
10:18:39.755 [main] INFO  resources.base - User Have reached the Shopping Cart Page
14:10:14.461 [main] ERROR resources.base - User Is Not Being Able To Login
14:10:14.462 [main] ERROR resources.base - expected [Shop - MarkITplace] but found [Oops! something went wrong. - MarkITplace]
14:11:15.084 [main] INFO  resources.base - User has clicked the Logo from the footer of the page
14:11:15.098 [main] ERROR resources.base - User not able to reach home clicking on the footer logo
14:11:15.098 [main] ERROR resources.base - expected [Shop - MarkITplace] but found [This site isn’t secure]
05:59:55.995 [main] INFO  resources.base - User Have Successfully Login To The Home Page
06:00:13.856 [main] INFO  resources.base - User Have Successfully reached the favorites Page
06:00:34.417 [main] ERROR resources.base - Favorite page not Open
06:00:34.417 [main] ERROR resources.base - Unable to find element with xpath == (//a[@class='btn'])[2]
For documentation on this error, please visit: http://seleniumhq.org/exceptions/no_such_element.html
Build info: version: '3.8.1', revision: '6e95a6684b', time: '2017-12-01T18:33:54.468Z'
System info: host: 'DESKTOP-B75F35K', ip: '10.0.2.15', os.name: 'Windows 10', os.arch: 'amd64', os.version: '10.0', java.version: '1.8.0_171'
Driver info: org.openqa.selenium.ie.InternetExplorerDriver
Capabilities {acceptInsecureCerts: false, browserName: internet explorer, browserVersion: 11, javascriptEnabled: true, pageLoadStrategy: normal, platform: WINDOWS, platformName: WINDOWS, proxy: Proxy(), se:ieOptions: {browserAttachTimeout: 0, elementScrollBehavior: 0, enablePersistentHover: true, ie.browserCommandLineSwitches: , ie.ensureCleanSession: false, ie.fileUploadDialogTimeout: 3000, ie.forceCreateProcessApi: false, ignoreProtectedModeSettings: false, ignoreZoomSetting: false, initialBrowserUrl: http://localhost:25613/, nativeEvents: true, requireWindowFocus: false}, setWindowRect: true, timeouts: {implicit: 0, pageLoad: 300000, script: 30000}}
Session ID: 978cf85b-fe7e-43d1-a6ba-21ff386bb91b
*** Element info: {Using=xpath, value=(//a[@class='btn'])[2]}
06:00:55.714 [main] INFO  resources.base - user is searching printer using the search textbox
06:00:55.747 [main] INFO  resources.base - User Have Successfully reached the printer search listing page
06:00:56.089 [main] INFO  resources.base - Search result data is Appearing on the Search Result Page
06:01:19.417 [main] INFO  resources.base - User Have Successfully reached the PDP Page
06:01:55.511 [main] INFO  resources.base - Recently Viewed Page is Opened
06:02:09.136 [main] INFO  resources.base - User has clicked the Logo from the footer of the page
06:02:09.152 [main] INFO  resources.base - User Have reached the Home Page clicking on the footer Logo
06:02:15.870 [main] INFO  resources.base - User has clicked on the My Profile page from My Account dropdown
06:02:15.886 [main] INFO  resources.base - User has clicked on the My Profile page from My Account dropdown
06:02:34.855 [main] INFO  resources.base - User has clicked on the My Profile page from My Account dropdown
06:02:45.308 [main] INFO  resources.base - User has clicked the Logo from the header of the page
06:02:45.340 [main] INFO  resources.base - User Have reached the Home Page clicking on the Header Logo
06:02:51.683 [main] INFO  resources.base - User has clicked on the Standard Catalog Navigation button from header
06:02:56.699 [main] INFO  resources.base - User Have reached the Standard Catalog Page
06:03:18.855 [main] INFO  resources.base - User has clicked on the 1st Standard Product appearing and reached the PDP Page
06:03:28.652 [main] INFO  resources.base - User has clicked on the All Product Nevigation button from the header
06:03:38.698 [main] INFO  resources.base - User Have reached the All Product Page
06:03:47.874 [main] INFO  resources.base - User has clicked on Audio Cables Category From All Products Page
06:04:02.904 [main] INFO  resources.base - User Have reached the Audio Cables Category Page
06:04:18.937 [main] INFO  resources.base - User has clicked on Resouces link from the header
06:04:28.980 [main] INFO  resources.base - User Have reached the Resources Page
06:04:47.495 [main] INFO  resources.base - User has clicked on Special Offer Link from the header
06:04:47.511 [main] INFO  resources.base - User Have reached the Special Offer Page
06:04:54.480 [main] INFO  resources.base - User has clicked on Cart Icon from the header
06:04:54.511 [main] INFO  resources.base - User Have reached the Shopping Cart Page
06:05:55.854 [main] INFO  resources.base - Element is not displayed
Build info: version: '3.8.1', revision: '6e95a6684b', time: '2017-12-01T18:33:54.468Z'
System info: host: 'DESKTOP-B75F35K', ip: '10.0.2.15', os.name: 'Windows 10', os.arch: 'amd64', os.version: '10.0', java.version: '1.8.0_171'
Driver info: org.openqa.selenium.ie.InternetExplorerDriver
Capabilities {acceptInsecureCerts: false, browserName: internet explorer, browserVersion: 11, javascriptEnabled: true, pageLoadStrategy: normal, platform: WINDOWS, platformName: WINDOWS, proxy: Proxy(), se:ieOptions: {browserAttachTimeout: 0, elementScrollBehavior: 0, enablePersistentHover: true, ie.browserCommandLineSwitches: , ie.ensureCleanSession: false, ie.fileUploadDialogTimeout: 3000, ie.forceCreateProcessApi: false, ignoreProtectedModeSettings: false, ignoreZoomSetting: false, initialBrowserUrl: http://localhost:25613/, nativeEvents: true, requireWindowFocus: false}, setWindowRect: true, timeouts: {implicit: 0, pageLoad: 300000, script: 30000}}
Session ID: 978cf85b-fe7e-43d1-a6ba-21ff386bb91b
06:06:00.870 [main] INFO  resources.base - User Have reached the order confirmation page after placing the order
06:06:36.168 [main] INFO  resources.base - User has clicked on the Track button from the header of the page
06:06:36.183 [main] INFO  resources.base - User have reached the Track page after clicking on the Track button from the header of the page
06:06:58.417 [main] INFO  resources.base - User has clicked on the order button from the header of the page
06:06:58.432 [main] INFO  resources.base - User have reached the Order page after clicking on the Order button from the header of the page
06:07:23.480 [main] INFO  resources.base - User has clicked on the Purchase Analysis button from the header of the page
06:07:23.496 [main] INFO  resources.base - User have reached the Purchase Analysis page after clicking on the Purchase Analysis button from the header of the page
06:07:24.370 [main] INFO  resources.base - User have clicked on email icon on purchase analysis Page
06:07:25.113 [main] INFO  resources.base - User have entered the email on email field at purchase analysis Page
06:07:26.261 [main] INFO  resources.base - User have click on Send button at email popup screen at purchase analysis Page
06:07:32.550 [main] INFO  resources.base - User has clicked on the Calendar button from the header of the page
06:07:42.574 [main] INFO  resources.base - User have reached the  Calendar page after clicking on the Calendar button from the header of the page
06:07:56.340 [main] INFO  resources.base - User has clicked on the Saved Report icon from the header of the page
06:08:16.386 [main] INFO  resources.base - User have reached the  Saved Report page after clicking on the Saved Report icon from the header of the page
09:22:39.795 [main] INFO  resources.base - User Have Successfully Login To The Home Page
09:22:58.083 [main] INFO  resources.base - User Have Successfully reached the favorites Page
09:23:53.173 [main] INFO  resources.base - user is searching printer using the search textbox
09:23:53.207 [main] INFO  resources.base - User Have Successfully reached the printer search listing page
09:23:53.464 [main] INFO  resources.base - Search result data is Appearing on the Search Result Page
09:24:24.384 [main] INFO  resources.base - User Have Successfully reached the PDP Page
09:25:01.182 [main] INFO  resources.base - Recently Viewed Page is Opened
09:25:19.283 [main] INFO  resources.base - User has clicked the Logo from the footer of the page
09:25:19.297 [main] INFO  resources.base - User Have reached the Home Page clicking on the footer Logo
09:25:36.920 [main] INFO  resources.base - User has clicked on the My Profile page from My Account dropdown
09:25:36.936 [main] INFO  resources.base - User has clicked on the My Profile page from My Account dropdown
09:25:54.173 [main] INFO  resources.base - User has clicked on the My Profile page from My Account dropdown
09:26:10.639 [main] INFO  resources.base - User has clicked the Logo from the header of the page
09:26:10.652 [main] INFO  resources.base - User Have reached the Home Page clicking on the Header Logo
09:26:18.451 [main] INFO  resources.base - User has clicked on the Standard Catalog Navigation button from header
09:26:23.469 [main] INFO  resources.base - User Have reached the Standard Catalog Page
09:26:46.285 [main] INFO  resources.base - User has clicked on the 1st Standard Product appearing and reached the PDP Page
09:26:54.388 [main] INFO  resources.base - User has clicked on the All Product Nevigation button from the header
09:27:04.412 [main] INFO  resources.base - User Have reached the All Product Page
09:27:16.763 [main] INFO  resources.base - User has clicked on Audio Cables Category From All Products Page
09:27:31.777 [main] INFO  resources.base - User Have reached the Audio Cables Category Page
09:27:52.150 [main] INFO  resources.base - User has clicked on Resouces link from the header
09:28:02.168 [main] INFO  resources.base - User Have reached the Resources Page
09:28:21.654 [main] INFO  resources.base - User has clicked on Special Offer Link from the header
09:28:21.671 [main] INFO  resources.base - User Have reached the Special Offer Page
09:28:29.826 [main] INFO  resources.base - User has clicked on Cart Icon from the header
09:28:29.841 [main] INFO  resources.base - User Have reached the Shopping Cart Page
09:30:08.654 [main] INFO  resources.base - Element is not displayed
Build info: version: '3.8.1', revision: '6e95a6684b', time: '2017-12-01T18:33:54.468Z'
System info: host: 'DESKTOP-B75F35K', ip: '10.0.2.15', os.name: 'Windows 10', os.arch: 'amd64', os.version: '10.0', java.version: '1.8.0_171'
Driver info: org.openqa.selenium.ie.InternetExplorerDriver
Capabilities {acceptInsecureCerts: false, browserName: internet explorer, browserVersion: 11, javascriptEnabled: true, pageLoadStrategy: normal, platform: WINDOWS, platformName: WINDOWS, proxy: Proxy(), se:ieOptions: {browserAttachTimeout: 0, elementScrollBehavior: 0, enablePersistentHover: true, ie.browserCommandLineSwitches: , ie.ensureCleanSession: false, ie.fileUploadDialogTimeout: 3000, ie.forceCreateProcessApi: false, ignoreProtectedModeSettings: false, ignoreZoomSetting: false, initialBrowserUrl: http://localhost:25578/, nativeEvents: true, requireWindowFocus: false}, setWindowRect: true, timeouts: {implicit: 0, pageLoad: 300000, script: 30000}}
Session ID: e09f5934-c1dc-4ca4-aabd-b08f274cde56
09:30:13.686 [main] INFO  resources.base - User Have reached the order confirmation page after placing the order
09:30:59.357 [main] INFO  resources.base - User has clicked on the Track button from the header of the page
09:30:59.373 [main] INFO  resources.base - User have reached the Track page after clicking on the Track button from the header of the page
09:31:25.513 [main] INFO  resources.base - User has clicked on the order button from the header of the page
09:31:25.529 [main] INFO  resources.base - User have reached the Order page after clicking on the Order button from the header of the page
09:31:52.907 [main] INFO  resources.base - User has clicked on the Purchase Analysis button from the header of the page
09:31:52.920 [main] INFO  resources.base - User have reached the Purchase Analysis page after clicking on the Purchase Analysis button from the header of the page
09:31:53.911 [main] INFO  resources.base - User have clicked on email icon on purchase analysis Page
09:31:54.564 [main] INFO  resources.base - User have entered the email on email field at purchase analysis Page
09:31:55.660 [main] INFO  resources.base - User have click on Send button at email popup screen at purchase analysis Page
09:32:02.031 [main] INFO  resources.base - User has clicked on the Calendar button from the header of the page
09:32:12.058 [main] ERROR resources.base - User have not reached the Calendar page after clicking on the Calendar button from the header of the page
09:32:12.058 [main] ERROR resources.base - expected [Calendar Monthly View - MarkITplace] but found [Track Dashboard - MarkITplace]
09:32:12.672 [main] INFO  resources.base - User has clicked on the Saved Report icon from the header of the page
09:32:32.702 [main] INFO  resources.base - User have reached the  Saved Report page after clicking on the Saved Report icon from the header of the page
15:51:19.809 [main] INFO  resources.base - User Have Successfully Login To The Home Page
15:51:33.645 [main] INFO  resources.base - User Have Successfully reached the favorites Page
15:51:54.162 [main] ERROR resources.base - Favorite page not Open
15:51:54.163 [main] ERROR resources.base - Unable to find element with xpath == (//a[@class='btn'])[2]
For documentation on this error, please visit: http://seleniumhq.org/exceptions/no_such_element.html
Build info: version: '3.8.1', revision: '6e95a6684b', time: '2017-12-01T18:33:54.468Z'
System info: host: 'DESKTOP-B75F35K', ip: '10.0.2.15', os.name: 'Windows 10', os.arch: 'amd64', os.version: '10.0', java.version: '1.8.0_171'
Driver info: org.openqa.selenium.ie.InternetExplorerDriver
Capabilities {acceptInsecureCerts: false, browserName: internet explorer, browserVersion: 11, javascriptEnabled: true, pageLoadStrategy: normal, platform: WINDOWS, platformName: WINDOWS, proxy: Proxy(), se:ieOptions: {browserAttachTimeout: 0, elementScrollBehavior: 0, enablePersistentHover: true, ie.browserCommandLineSwitches: , ie.ensureCleanSession: false, ie.fileUploadDialogTimeout: 3000, ie.forceCreateProcessApi: false, ignoreProtectedModeSettings: false, ignoreZoomSetting: false, initialBrowserUrl: http://localhost:22172/, nativeEvents: true, requireWindowFocus: false}, setWindowRect: true, timeouts: {implicit: 0, pageLoad: 300000, script: 30000}}
Session ID: c37a6b5d-94d8-4ac4-99e2-549587cebb09
*** Element info: {Using=xpath, value=(//a[@class='btn'])[2]}
15:52:15.293 [main] INFO  resources.base - user is searching printer using the search textbox
15:52:15.310 [main] INFO  resources.base - User Have Successfully reached the printer search listing page
15:52:15.534 [main] INFO  resources.base - Search result data is Appearing on the Search Result Page
15:52:36.732 [main] INFO  resources.base - User Have Successfully reached the PDP Page
15:53:12.634 [main] INFO  resources.base - Recently Viewed Page is Opened
15:53:27.097 [main] INFO  resources.base - User has clicked the Logo from the footer of the page
15:53:27.161 [main] INFO  resources.base - User Have reached the Home Page clicking on the footer Logo
15:53:41.514 [main] INFO  resources.base - User has clicked on the My Profile page from My Account dropdown
15:53:41.528 [main] INFO  resources.base - User has clicked on the My Profile page from My Account dropdown
15:53:57.026 [main] INFO  resources.base - User has clicked on the My Profile page from My Account dropdown
15:54:10.981 [main] INFO  resources.base - User has clicked the Logo from the header of the page
15:54:11.014 [main] INFO  resources.base - User Have reached the Home Page clicking on the Header Logo
15:54:20.294 [main] INFO  resources.base - User has clicked on the Standard Catalog Navigation button from header
15:54:25.324 [main] INFO  resources.base - User Have reached the Standard Catalog Page
15:54:47.933 [main] INFO  resources.base - User has clicked on the 1st Standard Product appearing and reached the PDP Page
15:54:52.183 [main] INFO  resources.base - User has clicked on the All Product Nevigation button from the header
15:55:02.199 [main] INFO  resources.base - User Have reached the All Product Page
15:55:11.590 [main] INFO  resources.base - User has clicked on Audio Cables Category From All Products Page
15:55:26.618 [main] INFO  resources.base - User Have reached the Audio Cables Category Page
15:55:34.422 [main] INFO  resources.base - User has clicked on Resouces link from the header
15:55:44.436 [main] INFO  resources.base - User Have reached the Resources Page
15:56:01.699 [main] INFO  resources.base - User has clicked on Special Offer Link from the header
15:56:01.715 [main] INFO  resources.base - User Have reached the Special Offer Page
15:56:08.590 [main] INFO  resources.base - User has clicked on Cart Icon from the header
15:56:08.621 [main] INFO  resources.base - User Have reached the Shopping Cart Page
15:57:07.888 [main] INFO  resources.base - Element is not displayed
Build info: version: '3.8.1', revision: '6e95a6684b', time: '2017-12-01T18:33:54.468Z'
System info: host: 'DESKTOP-B75F35K', ip: '10.0.2.15', os.name: 'Windows 10', os.arch: 'amd64', os.version: '10.0', java.version: '1.8.0_171'
Driver info: org.openqa.selenium.ie.InternetExplorerDriver
Capabilities {acceptInsecureCerts: false, browserName: internet explorer, browserVersion: 11, javascriptEnabled: true, pageLoadStrategy: normal, platform: WINDOWS, platformName: WINDOWS, proxy: Proxy(), se:ieOptions: {browserAttachTimeout: 0, elementScrollBehavior: 0, enablePersistentHover: true, ie.browserCommandLineSwitches: , ie.ensureCleanSession: false, ie.fileUploadDialogTimeout: 3000, ie.forceCreateProcessApi: false, ignoreProtectedModeSettings: false, ignoreZoomSetting: false, initialBrowserUrl: http://localhost:22172/, nativeEvents: true, requireWindowFocus: false}, setWindowRect: true, timeouts: {implicit: 0, pageLoad: 300000, script: 30000}}
Session ID: c37a6b5d-94d8-4ac4-99e2-549587cebb09
15:57:12.919 [main] INFO  resources.base - User Have reached the order confirmation page after placing the order
15:57:50.951 [main] INFO  resources.base - User has clicked on the Track button from the header of the page
15:57:50.981 [main] INFO  resources.base - User have reached the Track page after clicking on the Track button from the header of the page
15:58:15.388 [main] INFO  resources.base - User has clicked on the order button from the header of the page
15:58:15.403 [main] INFO  resources.base - User have reached the Order page after clicking on the Order button from the header of the page
15:58:43.216 [main] INFO  resources.base - User has clicked on the Purchase Analysis button from the header of the page
15:58:43.231 [main] INFO  resources.base - User have reached the Purchase Analysis page after clicking on the Purchase Analysis button from the header of the page
15:58:44.168 [main] INFO  resources.base - User have clicked on email icon on purchase analysis Page
15:58:45.091 [main] INFO  resources.base - User have entered the email on email field at purchase analysis Page
15:58:46.262 [main] INFO  resources.base - User have click on Send button at email popup screen at purchase analysis Page
15:58:56.200 [main] INFO  resources.base - User has clicked on the Calendar button from the header of the page
15:59:06.246 [main] INFO  resources.base - User have reached the  Calendar page after clicking on the Calendar button from the header of the page
15:59:21.043 [main] INFO  resources.base - User has clicked on the Saved Report icon from the header of the page
15:59:41.074 [main] INFO  resources.base - User have reached the  Saved Report page after clicking on the Saved Report icon from the header of the page
15:57:32.877 [main] INFO  resources.base - User Have Successfully Login To The Home Page
15:57:49.024 [main] INFO  resources.base - User Have Successfully reached the favorites Page
15:58:31.003 [main] ERROR resources.base - Favorite page not Open
15:58:31.003 [main] ERROR resources.base - Expected condition failed: waiting for element to be clickable: [[InternetExplorerDriver: internet explorer on WINDOWS (dc8cc048-86e0-4947-b9b5-0b12da476c6d)] -> xpath: (//button[@class='btn btn-primary'])[2]] (tried for 20 second(s) with 500 milliseconds interval)
Build info: version: '3.11.0', revision: 'e59cfb3', time: '2018-03-11T20:26:55.152Z'
System info: host: 'DESKTOP-B75F35K', ip: '10.0.2.15', os.name: 'Windows 10', os.arch: 'amd64', os.version: '10.0', java.version: '1.8.0_171'
Driver info: org.openqa.selenium.ie.InternetExplorerDriver
Capabilities {acceptInsecureCerts: false, browserName: internet explorer, browserVersion: 11, javascriptEnabled: true, pageLoadStrategy: normal, platform: WINDOWS, platformName: WINDOWS, proxy: Proxy(), se:ieOptions: {browserAttachTimeout: 0, elementScrollBehavior: 0, enablePersistentHover: true, ie.browserCommandLineSwitches: , ie.ensureCleanSession: false, ie.fileUploadDialogTimeout: 3000, ie.forceCreateProcessApi: false, ignoreProtectedModeSettings: false, ignoreZoomSetting: false, initialBrowserUrl: http://localhost:23797/, nativeEvents: true, requireWindowFocus: false}, setWindowRect: true, timeouts: {implicit: 0, pageLoad: 300000, script: 30000}}
Session ID: dc8cc048-86e0-4947-b9b5-0b12da476c6d
15:58:52.436 [main] INFO  resources.base - user is searching printer using the search textbox
15:58:52.462 [main] INFO  resources.base - User Have Successfully reached the printer search listing page
15:58:52.773 [main] INFO  resources.base - Search result data is Appearing on the Search Result Page
15:59:18.397 [main] INFO  resources.base - User Have Successfully reached the PDP Page
16:00:01.175 [main] INFO  resources.base - Recently Viewed Page is Opened
16:00:14.998 [main] INFO  resources.base - User has clicked the Logo from the footer of the page
16:00:15.021 [main] INFO  resources.base - User Have reached the Home Page clicking on the footer Logo
16:00:26.938 [main] INFO  resources.base - User has clicked on the My Profile page from My Account dropdown
16:00:26.965 [main] INFO  resources.base - User has clicked on the My Profile page from My Account dropdown
16:00:42.888 [main] INFO  resources.base - User has clicked on the My Profile page from My Account dropdown
16:00:56.451 [main] INFO  resources.base - User has clicked the Logo from the header of the page
16:00:56.475 [main] INFO  resources.base - User Have reached the Home Page clicking on the Header Logo
16:01:03.422 [main] INFO  resources.base - User has clicked on the Standard Catalog Navigation button from header
16:01:08.462 [main] INFO  resources.base - User Have reached the Standard Catalog Page
16:01:31.904 [main] INFO  resources.base - User has clicked on the 1st Standard Product appearing and reached the PDP Page
16:01:32.439 [main] INFO  resources.base - User has clicked on the All Product Nevigation button from the header
16:01:42.474 [main] INFO  resources.base - User Have reached the All Product Page
16:01:53.756 [main] INFO  resources.base - User has clicked on Audio Cables Category From All Products Page
16:02:08.803 [main] INFO  resources.base - User Have reached the Audio Cables Category Page
16:02:27.015 [main] INFO  resources.base - User has clicked on Resouces link from the header
16:02:37.057 [main] INFO  resources.base - User Have reached the Resources Page
16:02:55.115 [main] INFO  resources.base - User has clicked on Special Offer Link from the header
16:02:55.142 [main] INFO  resources.base - User Have reached the Special Offer Page
16:02:55.712 [main] INFO  resources.base - User has clicked on Cart Icon from the header
16:02:55.753 [main] ERROR resources.base - User have not reached the Shopping Cart Page after clicking Cart Icon from the header
16:02:55.753 [main] ERROR resources.base - expected [Cart - MarkITplace] but found [Special Offers - MarkITplace]
16:03:37.435 [main] INFO  resources.base - User has clicked on the Track button from the header of the page
16:03:37.459 [main] INFO  resources.base - User have reached the Track page after clicking on the Track button from the header of the page
16:03:59.645 [main] INFO  resources.base - User has clicked on the order button from the header of the page
16:03:59.668 [main] INFO  resources.base - User have reached the Order page after clicking on the Order button from the header of the page
16:04:20.214 [main] INFO  resources.base - User has clicked on the Purchase Analysis button from the header of the page
16:04:20.236 [main] ERROR resources.base - User have not reached the Purchase Analysis page after clicking on the Purchase Analysis button from the header of the page
16:04:20.236 [main] ERROR resources.base - expected [Purchase Analysis - MarkITplace] but found [Orders - MarkITplace]
16:04:38.450 [main] INFO  resources.base - User has clicked on the Calendar button from the header of the page
