16:04:48.483 [main] INFO  resources.base - User have reached the  Calendar page after clicking on the Calendar button from the header of the page
16:05:03.047 [main] INFO  resources.base - User has clicked on the Saved Report icon from the header of the page
16:05:23.086 [main] INFO  resources.base - User have reached the  Saved Report page after clicking on the Saved Report icon from the header of the page
12:27:04.817 [main] INFO  resources.base - User Have Successfully Login To The Home Page
12:27:17.866 [main] INFO  resources.base - User Have Successfully reached the favorites Page
12:28:13.849 [main] INFO  resources.base - user is searching printer using the search textbox
12:28:13.877 [main] INFO  resources.base - User Have Successfully reached the printer search listing page
12:28:14.153 [main] INFO  resources.base - Search result data is Appearing on the Search Result Page
12:28:34.281 [main] INFO  resources.base - User Have Successfully reached the PDP Page
12:29:09.076 [main] INFO  resources.base - Recently Viewed Page is Opened
12:29:21.872 [main] INFO  resources.base - User has clicked the Logo from the footer of the page
12:29:21.908 [main] INFO  resources.base - User Have reached the Home Page clicking on the footer Logo
12:29:33.007 [main] INFO  resources.base - User has clicked on the My Profile page from My Account dropdown
12:29:33.027 [main] INFO  resources.base - User has clicked on the My Profile page from My Account dropdown
12:29:46.951 [main] INFO  resources.base - User has clicked on the My Profile page from My Account dropdown
12:29:59.911 [main] INFO  resources.base - User has clicked the Logo from the header of the page
12:29:59.950 [main] INFO  resources.base - User Have reached the Home Page clicking on the Header Logo
12:30:05.431 [main] INFO  resources.base - User has clicked on the Standard Catalog Navigation button from header
12:30:10.487 [main] INFO  resources.base - User Have reached the Standard Catalog Page
12:30:31.178 [main] INFO  resources.base - User has clicked on the 1st Standard Product appearing and reached the PDP Page
12:30:35.743 [main] INFO  resources.base - User has clicked on the All Product Nevigation button from the header
12:30:45.785 [main] INFO  resources.base - User Have reached the All Product Page
12:30:53.536 [main] INFO  resources.base - User has clicked on Audio Cables Category From All Products Page
12:31:08.564 [main] INFO  resources.base - User Have reached the Audio Cables Category Page
12:31:21.565 [main] INFO  resources.base - User has clicked on Resouces link from the header
12:31:31.598 [main] INFO  resources.base - User Have reached the Resources Page
12:31:49.993 [main] INFO  resources.base - User has clicked on Special Offer Link from the header
12:31:50.020 [main] INFO  resources.base - User Have reached the Special Offer Page
12:31:55.533 [main] INFO  resources.base - User has clicked on Cart Icon from the header
12:31:55.554 [main] INFO  resources.base - User Have reached the Shopping Cart Page
12:32:54.954 [main] INFO  resources.base - user has clicked on the Close button on Java Alert Popup Page
12:32:59.994 [main] ERROR resources.base - User have not reached the order confirmation page
12:32:59.994 [main] ERROR resources.base - expected [Order Confirmation - MarkITplace] but found [Checkout - MarkITplace]
12:33:32.306 [main] INFO  resources.base - User has clicked on the Track button from the header of the page
12:33:32.331 [main] INFO  resources.base - User have reached the Track page after clicking on the Track button from the header of the page
12:33:50.238 [main] INFO  resources.base - User has clicked on the order button from the header of the page
12:33:50.261 [main] INFO  resources.base - User have reached the Order page after clicking on the Order button from the header of the page
12:34:14.970 [main] INFO  resources.base - User has clicked on the Purchase Analysis button from the header of the page
12:34:14.995 [main] INFO  resources.base - User have reached the Purchase Analysis page after clicking on the Purchase Analysis button from the header of the page
12:34:15.832 [main] INFO  resources.base - User have clicked on email icon on purchase analysis Page
12:34:16.655 [main] INFO  resources.base - User have entered the email on email field at purchase analysis Page
12:34:17.755 [main] INFO  resources.base - User have click on Send button at email popup screen at purchase analysis Page
12:34:26.452 [main] INFO  resources.base - User has clicked on the Calendar button from the header of the page
12:34:36.505 [main] INFO  resources.base - User have reached the  Calendar page after clicking on the Calendar button from the header of the page
12:34:52.730 [main] INFO  resources.base - User has clicked on the Saved Report icon from the header of the page
12:35:12.786 [main] INFO  resources.base - User have reached the  Saved Report page after clicking on the Saved Report icon from the header of the page
